<?xml version="1.0" encoding="UTF-8"?>
<testsuites name="jest tests" tests="26" failures="0" errors="0" time="0.647">
  <testsuite name="tests\core\Graph.test.ts" errors="0" failures="0" skipped="0" timestamp="2025-12-26T18:20:08" time="0.358" tests="26">
    <testcase classname="Graph › addLeaf" name="should add a leaf to the graph" time="0.002">
    </testcase>
    <testcase classname="Graph › addLeaf" name="should auto-generate ID if not provided" time="0.003">
    </testcase>
    <testcase classname="Graph › addLeaf" name="should throw error on duplicate ID" time="0.01">
    </testcase>
    <testcase classname="Graph › addBranch" name="should add a branch between two leaves" time="0">
    </testcase>
    <testcase classname="Graph › addBranch" name="should add weighted branch" time="0.001">
    </testcase>
    <testcase classname="Graph › addBranch" name="should add branch using string IDs" time="0">
    </testcase>
    <testcase classname="Graph › addBranch" name="should add branch using number IDs" time="0.001">
    </testcase>
    <testcase classname="Graph › addBranch" name="should add branch mixing Node objects and IDs" time="0">
    </testcase>
    <testcase classname="Graph › addBranch" name="should throw error when source ID not found" time="0.001">
    </testcase>
    <testcase classname="Graph › addBranch" name="should throw error when target ID not found" time="0.001">
    </testcase>
    <testcase classname="Graph › addBranch" name="should throw error if source leaf not in graph" time="0.001">
    </testcase>
    <testcase classname="Graph › addBranch" name="should throw error if target leaf not in graph" time="0">
    </testcase>
    <testcase classname="Graph › removeLeaf" name="should remove a leaf and its branches" time="0.001">
    </testcase>
    <testcase classname="Graph › removeLeaf" name="should handle removing leaf that does not exist" time="0.001">
    </testcase>
    <testcase classname="Graph › removeBranch" name="should remove a branch" time="0">
    </testcase>
    <testcase classname="Graph › getLeaf" name="should return leaf by ID" time="0">
    </testcase>
    <testcase classname="Graph › getLeaf" name="should return undefined for non-existent leaf" time="0">
    </testcase>
    <testcase classname="Graph › leaves and branches" name="should return all leaves" time="0">
    </testcase>
    <testcase classname="Graph › leaves and branches" name="should return all branches" time="0">
    </testcase>
    <testcase classname="Graph › size and isEmpty" name="should return correct size" time="0">
    </testcase>
    <testcase classname="Graph › size and isEmpty" name="should return true for empty graph" time="0.001">
    </testcase>
    <testcase classname="Graph › clear" name="should clear all leaves and branches" time="0">
    </testcase>
    <testcase classname="Graph › iterators" name="should iterate over leaves efficiently" time="0">
    </testcase>
    <testcase classname="Graph › iterators" name="should iterate over branches efficiently" time="0.001">
    </testcase>
    <testcase classname="Graph › constructor with data" name="should create graph from data array" time="0">
    </testcase>
    <testcase classname="Graph › ID generation failure" name="should throw error when unable to generate unique ID" time="0.003">
    </testcase>
  </testsuite>
</testsuites>