<?xml version="1.0" encoding="UTF-8"?>
<testsuites name="jest tests" tests="18" failures="3" errors="0" time="4.064">
  <testsuite name="tests\integration\full-examples.test.ts" errors="0" failures="3" skipped="0" timestamp="2025-12-26T19:43:10" time="2.908" tests="7">
    <testcase classname="Full Integration Tests" name="should pass User Provided Example" time="0.087">
      <failure>Error: Command failed: node user-example.mjs
file:///C:/Users/rut26/OneDrive/Desktop/Repos/treep/.full-integration-test/node_modules/treep/dist/esm/index.js:109
        super(message, code, path, cause);
        ^

GraphError: Source leaf with id &quot;A&quot; not found in graph
    at new GraphError (file:///C:/Users/rut26/OneDrive/Desktop/Repos/treep/.full-integration-test/node_modules/treep/dist/esm/index.js:109:9)
    at Graph.addBranch (file:///C:/Users/rut26/OneDrive/Desktop/Repos/treep/.full-integration-test/node_modules/treep/dist/esm/index.js:167:23)
    at file:///C:/Users/rut26/OneDrive/Desktop/Repos/treep/.full-integration-test/user-example.mjs:10:7
    at ModuleJob.run (node:internal/modules/esm/module_job:218:25)
    at async ModuleLoader.import (node:internal/modules/esm/loader:329:24)
    at async loadESM (node:internal/process/esm_loader:28:7)
    at async handleMainPromise (node:internal/modules/run_main:113:12) {
  code: &apos;LEAF_NOT_FOUND&apos;,
  path: &apos;A&apos;,
  cause: undefined
}

Node.js v20.11.1

    at checkExecSyncError (node:child_process:890:11)
    at execSync (node:child_process:962:15)
    at Object.&lt;anonymous&gt; (C:\Users\rut26\OneDrive\Desktop\Repos\treep\tests\integration\full-examples.test.ts:298:30)
    at Promise.then.completed (C:\Users\rut26\OneDrive\Desktop\Repos\treep\node_modules\jest-circus\build\utils.js:298:28)
    at new Promise (&lt;anonymous&gt;)
    at callAsyncCircusFn (C:\Users\rut26\OneDrive\Desktop\Repos\treep\node_modules\jest-circus\build\utils.js:231:10)
    at _callCircusTest (C:\Users\rut26\OneDrive\Desktop\Repos\treep\node_modules\jest-circus\build\run.js:316:40)
    at processTicksAndRejections (node:internal/process/task_queues:95:5)
    at _runTest (C:\Users\rut26\OneDrive\Desktop\Repos\treep\node_modules\jest-circus\build\run.js:252:3)
    at _runTestsForDescribeBlock (C:\Users\rut26\OneDrive\Desktop\Repos\treep\node_modules\jest-circus\build\run.js:126:9)
    at _runTestsForDescribeBlock (C:\Users\rut26\OneDrive\Desktop\Repos\treep\node_modules\jest-circus\build\run.js:121:9)
    at run (C:\Users\rut26\OneDrive\Desktop\Repos\treep\node_modules\jest-circus\build\run.js:71:3)
    at runAndTransformResultsToJestFormat (C:\Users\rut26\OneDrive\Desktop\Repos\treep\node_modules\jest-circus\build\legacy-code-todo-rewrite\jestAdapterInit.js:122:21)
    at jestAdapter (C:\Users\rut26\OneDrive\Desktop\Repos\treep\node_modules\jest-circus\build\legacy-code-todo-rewrite\jestAdapter.js:79:19)
    at runTestInternal (C:\Users\rut26\OneDrive\Desktop\Repos\treep\node_modules\jest-runner\build\runTest.js:367:16)
    at runTest (C:\Users\rut26\OneDrive\Desktop\Repos\treep\node_modules\jest-runner\build\runTest.js:444:34)
    at Object.worker (C:\Users\rut26\OneDrive\Desktop\Repos\treep\node_modules\jest-runner\build\testWorker.js:106:12)</failure>
    </testcase>
    <testcase classname="Full Integration Tests" name="should pass Social Network Example" time="0.077">
    </testcase>
    <testcase classname="Full Integration Tests" name="should pass Supply Chain Example" time="0.079">
    </testcase>
    <testcase classname="Full Integration Tests" name="should pass Nested JSON Example" time="0.082">
    </testcase>
    <testcase classname="Full Integration Tests" name="should pass String Value as ID" time="0.081">
      <failure>Error: Command failed: node string-id.mjs
file:///C:/Users/rut26/OneDrive/Desktop/Repos/treep/.full-integration-test/string-id.mjs:13
  throw new Error(`Auto-ID failed: A=${nodeA.id}, B=${nodeB.id}, C=${nodeC.id}`);
        ^

Error: Auto-ID failed: A=leaf_1766778193564_0, B=leaf_1766778193564_1, C=leaf_1766778193564_2
    at file:///C:/Users/rut26/OneDrive/Desktop/Repos/treep/.full-integration-test/string-id.mjs:13:9
    at ModuleJob.run (node:internal/modules/esm/module_job:218:25)
    at async ModuleLoader.import (node:internal/modules/esm/loader:329:24)
    at async loadESM (node:internal/process/esm_loader:28:7)
    at async handleMainPromise (node:internal/modules/run_main:113:12)

Node.js v20.11.1

    at checkExecSyncError (node:child_process:890:11)
    at execSync (node:child_process:962:15)
    at Object.&lt;anonymous&gt; (C:\Users\rut26\OneDrive\Desktop\Repos\treep\tests\integration\full-examples.test.ts:298:30)
    at Promise.then.completed (C:\Users\rut26\OneDrive\Desktop\Repos\treep\node_modules\jest-circus\build\utils.js:298:28)
    at new Promise (&lt;anonymous&gt;)
    at callAsyncCircusFn (C:\Users\rut26\OneDrive\Desktop\Repos\treep\node_modules\jest-circus\build\utils.js:231:10)
    at _callCircusTest (C:\Users\rut26\OneDrive\Desktop\Repos\treep\node_modules\jest-circus\build\run.js:316:40)
    at processTicksAndRejections (node:internal/process/task_queues:95:5)
    at _runTest (C:\Users\rut26\OneDrive\Desktop\Repos\treep\node_modules\jest-circus\build\run.js:252:3)
    at _runTestsForDescribeBlock (C:\Users\rut26\OneDrive\Desktop\Repos\treep\node_modules\jest-circus\build\run.js:126:9)
    at _runTestsForDescribeBlock (C:\Users\rut26\OneDrive\Desktop\Repos\treep\node_modules\jest-circus\build\run.js:121:9)
    at run (C:\Users\rut26\OneDrive\Desktop\Repos\treep\node_modules\jest-circus\build\run.js:71:3)
    at runAndTransformResultsToJestFormat (C:\Users\rut26\OneDrive\Desktop\Repos\treep\node_modules\jest-circus\build\legacy-code-todo-rewrite\jestAdapterInit.js:122:21)
    at jestAdapter (C:\Users\rut26\OneDrive\Desktop\Repos\treep\node_modules\jest-circus\build\legacy-code-todo-rewrite\jestAdapter.js:79:19)
    at runTestInternal (C:\Users\rut26\OneDrive\Desktop\Repos\treep\node_modules\jest-runner\build\runTest.js:367:16)
    at runTest (C:\Users\rut26\OneDrive\Desktop\Repos\treep\node_modules\jest-runner\build\runTest.js:444:34)
    at Object.worker (C:\Users\rut26\OneDrive\Desktop\Repos\treep\node_modules\jest-runner\build\testWorker.js:106:12)</failure>
    </testcase>
    <testcase classname="Full Integration Tests" name="should pass Number Value as ID" time="0.081">
      <failure>Error: Command failed: node number-id.mjs
file:///C:/Users/rut26/OneDrive/Desktop/Repos/treep/.full-integration-test/number-id.mjs:13
  throw new Error(`Auto-ID failed: 1=${node1.id}, 2=${node2.id}, 3=${node3.id}`);
        ^

Error: Auto-ID failed: 1=leaf_1766778193641_0, 2=leaf_1766778193641_1, 3=leaf_1766778193641_2
    at file:///C:/Users/rut26/OneDrive/Desktop/Repos/treep/.full-integration-test/number-id.mjs:13:9
    at ModuleJob.run (node:internal/modules/esm/module_job:218:25)
    at async ModuleLoader.import (node:internal/modules/esm/loader:329:24)
    at async loadESM (node:internal/process/esm_loader:28:7)
    at async handleMainPromise (node:internal/modules/run_main:113:12)

Node.js v20.11.1

    at checkExecSyncError (node:child_process:890:11)
    at execSync (node:child_process:962:15)
    at Object.&lt;anonymous&gt; (C:\Users\rut26\OneDrive\Desktop\Repos\treep\tests\integration\full-examples.test.ts:298:30)
    at Promise.then.completed (C:\Users\rut26\OneDrive\Desktop\Repos\treep\node_modules\jest-circus\build\utils.js:298:28)
    at new Promise (&lt;anonymous&gt;)
    at callAsyncCircusFn (C:\Users\rut26\OneDrive\Desktop\Repos\treep\node_modules\jest-circus\build\utils.js:231:10)
    at _callCircusTest (C:\Users\rut26\OneDrive\Desktop\Repos\treep\node_modules\jest-circus\build\run.js:316:40)
    at processTicksAndRejections (node:internal/process/task_queues:95:5)
    at _runTest (C:\Users\rut26\OneDrive\Desktop\Repos\treep\node_modules\jest-circus\build\run.js:252:3)
    at _runTestsForDescribeBlock (C:\Users\rut26\OneDrive\Desktop\Repos\treep\node_modules\jest-circus\build\run.js:126:9)
    at _runTestsForDescribeBlock (C:\Users\rut26\OneDrive\Desktop\Repos\treep\node_modules\jest-circus\build\run.js:121:9)
    at run (C:\Users\rut26\OneDrive\Desktop\Repos\treep\node_modules\jest-circus\build\run.js:71:3)
    at runAndTransformResultsToJestFormat (C:\Users\rut26\OneDrive\Desktop\Repos\treep\node_modules\jest-circus\build\legacy-code-todo-rewrite\jestAdapterInit.js:122:21)
    at jestAdapter (C:\Users\rut26\OneDrive\Desktop\Repos\treep\node_modules\jest-circus\build\legacy-code-todo-rewrite\jestAdapter.js:79:19)
    at runTestInternal (C:\Users\rut26\OneDrive\Desktop\Repos\treep\node_modules\jest-runner\build\runTest.js:367:16)
    at runTest (C:\Users\rut26\OneDrive\Desktop\Repos\treep\node_modules\jest-runner\build\runTest.js:444:34)
    at Object.worker (C:\Users\rut26\OneDrive\Desktop\Repos\treep\node_modules\jest-runner\build\testWorker.js:106:12)</failure>
    </testcase>
    <testcase classname="Full Integration Tests" name="should pass Object Value Auto-ID" time="0.08">
    </testcase>
  </testsuite>
  <testsuite name="tests\integration\integration.test.ts" errors="0" failures="0" skipped="0" timestamp="2025-12-26T19:43:10" time="3.1" tests="11">
    <testcase classname="Integration Tests" name="should pass Basic Graph Operations" time="0.09">
    </testcase>
    <testcase classname="Integration Tests" name="should pass BFS and DFS" time="0.073">
    </testcase>
    <testcase classname="Integration Tests" name="should pass Shortest Path" time="0.071">
    </testcase>
    <testcase classname="Integration Tests" name="should pass Auto-generated IDs" time="0.074">
    </testcase>
    <testcase classname="Integration Tests" name="should pass Number IDs" time="0.081">
    </testcase>
    <testcase classname="Integration Tests" name="should pass Mixed Node objects and IDs" time="0.07">
    </testcase>
    <testcase classname="Integration Tests" name="should pass Error Handling" time="0.072">
    </testcase>
    <testcase classname="Integration Tests" name="should pass Complex Graph Operations" time="0.073">
    </testcase>
    <testcase classname="Integration Tests" name="should pass JSON Serialization" time="0.072">
    </testcase>
    <testcase classname="Integration Tests" name="should pass Statistics" time="0.072">
    </testcase>
    <testcase classname="Integration Tests" name="should pass Common Mistake: addLeaf without ID then addBranch with value" time="0.061">
    </testcase>
  </testsuite>
</testsuites>