<?xml version="1.0" encoding="UTF-8"?>
<testsuites name="jest tests" tests="18" failures="0" errors="0" time="3.538">
  <testsuite name="tests\integration\full-examples.test.ts" errors="0" failures="0" skipped="0" timestamp="2025-12-26T19:19:29" time="2.559" tests="7">
    <testcase classname="Full Integration Tests" name="should pass User Provided Example" time="0.066">
    </testcase>
    <testcase classname="Full Integration Tests" name="should pass Social Network Example" time="0.068">
    </testcase>
    <testcase classname="Full Integration Tests" name="should pass Supply Chain Example" time="0.078">
    </testcase>
    <testcase classname="Full Integration Tests" name="should pass Nested JSON Example" time="0.074">
    </testcase>
    <testcase classname="Full Integration Tests" name="should pass String Value as ID" time="0.07">
    </testcase>
    <testcase classname="Full Integration Tests" name="should pass Number Value as ID" time="0.073">
    </testcase>
    <testcase classname="Full Integration Tests" name="should pass Object Value Auto-ID" time="0.069">
    </testcase>
  </testsuite>
  <testsuite name="tests\integration\integration.test.ts" errors="0" failures="0" skipped="0" timestamp="2025-12-26T19:19:29" time="2.831" tests="11">
    <testcase classname="Integration Tests" name="should pass Basic Graph Operations" time="0.073">
    </testcase>
    <testcase classname="Integration Tests" name="should pass BFS and DFS" time="0.083">
    </testcase>
    <testcase classname="Integration Tests" name="should pass Shortest Path" time="0.068">
    </testcase>
    <testcase classname="Integration Tests" name="should pass Auto-generated IDs" time="0.068">
    </testcase>
    <testcase classname="Integration Tests" name="should pass Number IDs" time="0.066">
    </testcase>
    <testcase classname="Integration Tests" name="should pass Mixed Node objects and IDs" time="0.067">
    </testcase>
    <testcase classname="Integration Tests" name="should pass Error Handling" time="0.063">
    </testcase>
    <testcase classname="Integration Tests" name="should pass Complex Graph Operations" time="0.066">
    </testcase>
    <testcase classname="Integration Tests" name="should pass JSON Serialization" time="0.058">
    </testcase>
    <testcase classname="Integration Tests" name="should pass Statistics" time="0.058">
    </testcase>
    <testcase classname="Integration Tests" name="should pass Common Mistake: addLeaf without ID then addBranch with value" time="0.065">
    </testcase>
  </testsuite>
</testsuites>